{"name": "Create New User via POST", "status": "failed", "statusDetails": {"message": "AssertionError: assert 401 == 201\n +  where 401 = <Response [401]>.status_code", "trace": "@allure.title(\"Create New User via POST\")\n    @allure.severity(allure.severity_level.NORMAL)\n    def test_create_user():\n        payload = {\n            \"name\": \"morpheus\",\n            \"job\": \"leader\"\n        }\n        with allure.step(\"Send POST request to create user\"):\n            response = requests.post(\"https://reqres.in/api/users\", json=payload)\n    \n        with allure.step(\"Validate response code is 201\"):\n>           assert response.status_code == 201\nE           assert 401 == 201\nE            +  where 401 = <Response [401]>.status_code\n\ntests\\test_create_user.py:15: AssertionError"}, "steps": [{"name": "Send POST request to create user", "status": "passed", "start": 1752126213767, "stop": 1752126214235}, {"name": "Validate response code is 201", "status": "failed", "statusDetails": {"message": "AssertionError: assert 401 == 201\n +  where 401 = <Response [401]>.status_code\n", "trace": "  File \"C:\\Users\\Asha Mathew\\ai-qa-agent-ollama\\tests\\test_create_user.py\", line 15, in test_create_user\n    assert response.status_code == 201\n"}, "start": 1752126214235, "stop": 1752126214236}], "start": 1752126213767, "stop": 1752126214237, "uuid": "261c26f1-c66e-4b42-b4c9-aef7a4841a2d", "historyId": "d3815caaacbf96dd08544f6211b086d9", "testCaseId": "d3815caaacbf96dd08544f6211b086d9", "fullName": "tests.test_create_user#test_create_user", "labels": [{"name": "severity", "value": "normal"}, {"name": "parentSuite", "value": "tests"}, {"name": "suite", "value": "test_create_user"}, {"name": "host", "value": "DESKTOP-3IUJALV"}, {"name": "thread", "value": "32928-MainThread"}, {"name": "framework", "value": "pytest"}, {"name": "language", "value": "cpython3"}, {"name": "package", "value": "tests.test_create_user"}]}